<html>
<head>
<META HTTP-EQUIV="Content-Type" content="text/html; charset=Windows-1252">
</head>
<body>
<pre>
<table width=100% bgcolor=#CFCFE5><tr> <td> <font face=arial size=+3>
Build Log
</font></table><table width=* cellspacing=0 cellpadding=0><tr><td width=0 bgcolor=#EDEDF5>&nbsp;</td><td width=0 bgcolor=#FFFFFF>&nbsp;</td><td width=*><pre>
<h3>------- Build started: Project: PDFCreator, Configuration: Debug|Win32 -------
</h3>
</pre></table><table width=100% bgcolor=#DFDFE5><tr><td><font face=arial size=+2>
Command Lines
</font></table><table width=* cellspacing=0 cellpadding=0><tr><td width=0 bgcolor=#EDEDF5>&nbsp;</td><td width=0 bgcolor=#FFFFFF>&nbsp;</td><td width=*><pre>Creating temporary file "c:\MFCsandbox\PDFCreator\Debug\RSP000032.rsp" with contents
[
/Od /D "WIN32" /D "_WINDOWS" /D "_DEBUG" /D "_MBCS" /D "_AFXDLL" /Gm /EHsc /RTC1 /MDd /Zc:wchar_t /Yu"stdafx.h" /Fp"Debug/PDFCreator.pch" /Fo"Debug/" /Fd"Debug/vc70.pdb" /W3 /c /Wp64 /ZI /TP
.\PDFCreatorDlg.cpp
]
Creating command line "cl.exe @c:\MFCsandbox\PDFCreator\Debug\RSP000032.rsp /nologo"
</pre></table><table width=100% bgcolor=#DFDFE5><tr><td><font face=arial size=+2>
Output Window
</font></table><table width=* cellspacing=0 cellpadding=0><tr><td width=0 bgcolor=#EDEDF5>&nbsp;</td><td width=0 bgcolor=#FFFFFF>&nbsp;</td><td width=*><pre>Compiling...
PDFCreatorDlg.cpp
c:\MFCsandbox\PDFCreator\Debug\pdfcreator.tlh(1572) : error C2146: syntax error : missing ';' before identifier 'cOptionsNames'
c:\MFCsandbox\PDFCreator\Debug\pdfcreator.tlh(1572) : error C2501: 'PDFCreator::_clsPDFCreator::_CollectionPtr' : missing storage-class or type specifiers
c:\MFCsandbox\PDFCreator\Debug\pdfcreator.tlh(1572) : error C2501: 'PDFCreator::_clsPDFCreator::cOptionsNames' : missing storage-class or type specifiers
c:\MFCsandbox\PDFCreator\Debug\pdfcreator.tlh(1639) : error C2146: syntax error : missing ';' before identifier 'GetcOptionsNames'
c:\MFCsandbox\PDFCreator\Debug\pdfcreator.tlh(1639) : error C2501: 'PDFCreator::_clsPDFCreator::_CollectionPtr' : missing storage-class or type specifiers
c:\MFCsandbox\PDFCreator\Debug\pdfcreator.tlh(1639) : warning C4183: 'GetcOptionsNames': missing return type; assumed to be a member function returning 'int'
c:\MFCsandbox\PDFCreator\Debug\pdfcreator.tlh(1700) : error C2146: syntax error : missing ';' before identifier 'cGetPDFCreatorPrinters'
c:\MFCsandbox\PDFCreator\Debug\pdfcreator.tlh(1700) : error C2501: 'PDFCreator::_clsPDFCreator::_CollectionPtr' : missing storage-class or type specifiers
c:\MFCsandbox\PDFCreator\Debug\pdfcreator.tlh(1700) : warning C4183: 'cGetPDFCreatorPrinters': missing return type; assumed to be a member function returning 'int'
c:\MFCsandbox\PDFCreator\Debug\pdfcreator.tli(2035) : error C2143: syntax error : missing ';' before 'PDFCreator::_clsPDFCreator::GetcOptionsNames'
c:\MFCsandbox\PDFCreator\Debug\pdfcreator.tli(2035) : error C2433: '_CollectionPtr' : 'inline' not permitted on data declarations
c:\MFCsandbox\PDFCreator\Debug\pdfcreator.tli(2035) : error C2501: '_CollectionPtr' : missing storage-class or type specifiers
c:\MFCsandbox\PDFCreator\Debug\pdfcreator.tli(2039) : error C2064: term does not evaluate to a function taking 2 arguments
c:\MFCsandbox\PDFCreator\Debug\pdfcreator.tli(2252) : error C2143: syntax error : missing ';' before 'PDFCreator::_clsPDFCreator::cGetPDFCreatorPrinters'
c:\MFCsandbox\PDFCreator\Debug\pdfcreator.tli(2252) : error C2433: '_CollectionPtr' : 'inline' not permitted on data declarations
c:\MFCsandbox\PDFCreator\Debug\pdfcreator.tli(2252) : error C2501: '_CollectionPtr' : missing storage-class or type specifiers
c:\MFCsandbox\PDFCreator\Debug\pdfcreator.tli(2252) : error C2086: 'int PDFCreator::_CollectionPtr' : redefinition
        c:\MFCsandbox\PDFCreator\Debug\pdfcreator.tli(2035) : see declaration of 'PDFCreator::_CollectionPtr'
c:\MFCsandbox\PDFCreator\Debug\pdfcreator.tli(2256) : error C2064: term does not evaluate to a function taking 2 arguments
c:\MFCsandbox\PDFCreator\PDFCreatorDlg.cpp(216) : error C2065: '__clsPDFCreator' : undeclared identifier
c:\MFCsandbox\PDFCreator\PDFCreatorDlg.cpp(216) : error C2955: 'ATL::CComPtr' : use of class template requires template argument list
        c:\Program Files\Microsoft Visual Studio .NET 2003\Vc7\atlmfc\include\atlcomcli.h(304) : see declaration of 'ATL::CComPtr'
c:\MFCsandbox\PDFCreator\PDFCreatorDlg.cpp(216) : error C2133: 'pdfObject' : unknown size
c:\MFCsandbox\PDFCreator\PDFCreatorDlg.cpp(216) : error C2512: 'ATL::CComPtr' : no appropriate default constructor available
c:\MFCsandbox\PDFCreator\PDFCreatorDlg.cpp(216) : error C2262: 'pdfObject' : cannot be destroyed
</pre></table><table width=100% bgcolor=#DFDFE5><tr><td><font face=arial size=+2>
Results
</font></table><table width=* cellspacing=0 cellpadding=0><tr><td width=0 bgcolor=#EDEDF5>&nbsp;</td><td width=0 bgcolor=#FFFFFF>&nbsp;</td><td width=*><pre>
Build log was saved at "file://c:\MFCsandbox\PDFCreator\Debug\BuildLog.htm"
PDFCreator - 21 error(s), 2 warning(s)</pre></table><table   width=100% height=20 bgcolor=#CFCFE5><tr><td><font face=arial size=+2>
</font></table></body></html>